0 info it worked if it ends with ok
1 verbose cli [ '/usr/local/bin/node', '/usr/local/bin/npm', 'run', 'dev' ]
2 info using npm@3.10.10
3 info using node@v6.11.2
4 verbose stack Error: ENOENT: no such file or directory, open '/www/package.json'
4 verbose stack     at Error (native)
5 verbose cwd /www
6 error Linux 3.10.0-514.26.2.el7.x86_64
7 error argv "/usr/local/bin/node" "/usr/local/bin/npm" "run" "dev"
8 error node v6.11.2
9 error npm  v3.10.10
10 error path /www/package.json
11 error code ENOENT
12 error errno -2
13 error syscall open
14 error enoent ENOENT: no such file or directory, open '/www/package.json'
15 error enoent ENOENT: no such file or directory, open '/www/package.json'
15 error enoent This is most likely not a problem with npm itself
15 error enoent and is related to npm not being able to find a file.
16 verbose exit [ -2, true ]
